jaos   
jaos xya  
jaos      
jaos script.jos     
jaos script.jos     
jaos script.jos     
jaos      
jaos      
jaos help     
jaos ?     
jaos      
jaos      
jaos      
jaos      
jaos      
jaos help     
jaos help     
jaos script.jos     
jaos script.jos     
jaos script.jos     
jaos script.jos     
jaos script.jos     
jaos script.jos     
jaos hello.jos     
jaos hello.jos     
jaos hello.jos     
jaos hello.jos     
jaos hello.jos     
jaos hello.jos     
jaos      
jaos hello.jos     
